<?xml version="1.0" encoding="UTF-8"?>
<testsuite xmlns:xsi="http://www.w3.org/2001/XMLSchema-instance" xsi:noNamespaceSchemaLocation="https://maven.apache.org/surefire/maven-surefire-plugin/xsd/surefire-test-report-3.0.xsd" version="3.0" name="org.acmsl.bytehot.domain.HotSwapManagerActualRedefinitionTest" time="0.033" tests="4" errors="3" skipped="0" failures="1">
  <properties>
    <property name="log4j.configuration" value="file:///home/chous/github/queryj/queryj-core/src/test/resources/log4j.xml"/>
    <property name="java.specification.version" value="17"/>
    <property name="sun.jnu.encoding" value="UTF-8"/>
    <property name="java.class.path" value="/home/chous/github/rydnr/bytehot/bytehot-domain/target/test-classes:/home/chous/github/rydnr/bytehot/bytehot-domain/target/classes:/home/chous/.m2/repository/org/acmsl/java-commons/latest-SNAPSHOT/java-commons-latest-SNAPSHOT.jar:/home/chous/.m2/repository/commons-logging/commons-logging/1.3.5/commons-logging-1.3.5.jar:/home/chous/.m2/repository/commons-beanutils/commons-beanutils/1.11.0/commons-beanutils-1.11.0.jar:/home/chous/.m2/repository/commons-collections/commons-collections/20040616/commons-collections-20040616.jar:/home/chous/.m2/repository/oro/oro/2.0.8/oro-2.0.8.jar:/home/chous/.m2/repository/org/antlr/ST4/4.3.4/ST4-4.3.4.jar:/home/chous/.m2/repository/org/antlr/antlr-runtime/3.5.3/antlr-runtime-3.5.3.jar:/home/chous/.m2/repository/org/projectlombok/lombok/1.18.38/lombok-1.18.38.jar:/home/chous/.m2/repository/org/checkerframework/checker-qual/3.42.0/checker-qual-3.42.0.jar:/home/chous/.m2/repository/org/junit/jupiter/junit-jupiter/5.13.0/junit-jupiter-5.13.0.jar:/home/chous/.m2/repository/org/junit/jupiter/junit-jupiter-api/5.13.0/junit-jupiter-api-5.13.0.jar:/home/chous/.m2/repository/org/opentest4j/opentest4j/1.3.0/opentest4j-1.3.0.jar:/home/chous/.m2/repository/org/junit/platform/junit-platform-commons/1.13.0/junit-platform-commons-1.13.0.jar:/home/chous/.m2/repository/org/junit/jupiter/junit-jupiter-params/5.13.0/junit-jupiter-params-5.13.0.jar:/home/chous/.m2/repository/org/junit/jupiter/junit-jupiter-engine/5.13.0/junit-jupiter-engine-5.13.0.jar:/home/chous/.m2/repository/org/junit/platform/junit-platform-engine/1.13.0/junit-platform-engine-1.13.0.jar:/home/chous/.m2/repository/org/apiguardian/apiguardian-api/1.1.2/apiguardian-api-1.1.2.jar:/home/chous/.m2/repository/org/junit/platform/junit-platform-launcher/1.13.0/junit-platform-launcher-1.13.0.jar:/home/chous/.m2/repository/org/assertj/assertj-core/3.24.2/assertj-core-3.24.2.jar:/home/chous/.m2/repository/net/bytebuddy/byte-buddy/1.17.5/byte-buddy-1.17.5.jar:"/>
    <property name="java.vm.vendor" value="Oracle Corporation"/>
    <property name="sun.arch.data.model" value="64"/>
    <property name="queryjroot" value="/home/chous/github/queryj"/>
    <property name="java.vendor.url" value="https://openjdk.java.net/"/>
    <property name="os.name" value="Linux"/>
    <property name="java.vm.specification.version" value="17"/>
    <property name="user.country" value="en"/>
    <property name="sun.java.launcher" value="SUN_STANDARD"/>
    <property name="sun.boot.library.path" value="/nix/store/ll8xbl82c5wbs5k2hx92xx5fk2ppc5r6-openjdk-17.0.13+11/lib/openjdk/lib"/>
    <property name="sun.java.command" value="/home/chous/github/rydnr/bytehot/bytehot-domain/target/surefire/surefirebooter-20250622101552677_3.jar /home/chous/github/rydnr/bytehot/bytehot-domain/target/surefire 2025-06-22T10-15-52_485-jvmRun1 surefire-20250622101552677_1tmp surefire_0-20250622101552677_2tmp"/>
    <property name="jdk.debug" value="release"/>
    <property name="surefire.test.class.path" value="/home/chous/github/rydnr/bytehot/bytehot-domain/target/test-classes:/home/chous/github/rydnr/bytehot/bytehot-domain/target/classes:/home/chous/.m2/repository/org/acmsl/java-commons/latest-SNAPSHOT/java-commons-latest-SNAPSHOT.jar:/home/chous/.m2/repository/commons-logging/commons-logging/1.3.5/commons-logging-1.3.5.jar:/home/chous/.m2/repository/commons-beanutils/commons-beanutils/1.11.0/commons-beanutils-1.11.0.jar:/home/chous/.m2/repository/commons-collections/commons-collections/20040616/commons-collections-20040616.jar:/home/chous/.m2/repository/oro/oro/2.0.8/oro-2.0.8.jar:/home/chous/.m2/repository/org/antlr/ST4/4.3.4/ST4-4.3.4.jar:/home/chous/.m2/repository/org/antlr/antlr-runtime/3.5.3/antlr-runtime-3.5.3.jar:/home/chous/.m2/repository/org/projectlombok/lombok/1.18.38/lombok-1.18.38.jar:/home/chous/.m2/repository/org/checkerframework/checker-qual/3.42.0/checker-qual-3.42.0.jar:/home/chous/.m2/repository/org/junit/jupiter/junit-jupiter/5.13.0/junit-jupiter-5.13.0.jar:/home/chous/.m2/repository/org/junit/jupiter/junit-jupiter-api/5.13.0/junit-jupiter-api-5.13.0.jar:/home/chous/.m2/repository/org/opentest4j/opentest4j/1.3.0/opentest4j-1.3.0.jar:/home/chous/.m2/repository/org/junit/platform/junit-platform-commons/1.13.0/junit-platform-commons-1.13.0.jar:/home/chous/.m2/repository/org/junit/jupiter/junit-jupiter-params/5.13.0/junit-jupiter-params-5.13.0.jar:/home/chous/.m2/repository/org/junit/jupiter/junit-jupiter-engine/5.13.0/junit-jupiter-engine-5.13.0.jar:/home/chous/.m2/repository/org/junit/platform/junit-platform-engine/1.13.0/junit-platform-engine-1.13.0.jar:/home/chous/.m2/repository/org/apiguardian/apiguardian-api/1.1.2/apiguardian-api-1.1.2.jar:/home/chous/.m2/repository/org/junit/platform/junit-platform-launcher/1.13.0/junit-platform-launcher-1.13.0.jar:/home/chous/.m2/repository/org/assertj/assertj-core/3.24.2/assertj-core-3.24.2.jar:/home/chous/.m2/repository/net/bytebuddy/byte-buddy/1.17.5/byte-buddy-1.17.5.jar:"/>
    <property name="sun.cpu.endian" value="little"/>
    <property name="user.home" value="/home/chous"/>
    <property name="user.language" value="en"/>
    <property name="java.specification.vendor" value="Oracle Corporation"/>
    <property name="java.version.date" value="2024-10-15"/>
    <property name="java.home" value="/nix/store/ll8xbl82c5wbs5k2hx92xx5fk2ppc5r6-openjdk-17.0.13+11/lib/openjdk"/>
    <property name="file.separator" value="/"/>
    <property name="basedir" value="/home/chous/github/rydnr/bytehot/bytehot-domain"/>
    <property name="java.vm.compressedOopsMode" value="Zero based"/>
    <property name="line.separator" value="&#10;"/>
    <property name="java.specification.name" value="Java Platform API Specification"/>
    <property name="java.vm.specification.vendor" value="Oracle Corporation"/>
    <property name="surefire.real.class.path" value="/home/chous/github/rydnr/bytehot/bytehot-domain/target/surefire/surefirebooter-20250622101552677_3.jar"/>
    <property name="sun.management.compiler" value="HotSpot 64-Bit Tiered Compilers"/>
    <property name="java.runtime.version" value="17.0.13+1-nixos"/>
    <property name="user.name" value="chous"/>
    <property name="path.separator" value=":"/>
    <property name="os.version" value="6.12.17"/>
    <property name="java.runtime.name" value="OpenJDK Runtime Environment"/>
    <property name="file.encoding" value="UTF-8"/>
    <property name="java.vm.name" value="OpenJDK 64-Bit Server VM"/>
    <property name="localRepository" value="/home/chous/.m2/repository"/>
    <property name="java.vendor.url.bug" value="https://bugreport.java.com/bugreport/"/>
    <property name="java.io.tmpdir" value="/tmp"/>
    <property name="java.version" value="17.0.13"/>
    <property name="user.dir" value="/home/chous/github/rydnr/bytehot/bytehot-domain"/>
    <property name="os.arch" value="amd64"/>
    <property name="java.vm.specification.name" value="Java Virtual Machine Specification"/>
    <property name="native.encoding" value="UTF-8"/>
    <property name="java.library.path" value=""/>
    <property name="java.vm.info" value="mixed mode, sharing"/>
    <property name="java.vendor" value="N/A"/>
    <property name="java.vm.version" value="17.0.13+1-nixos"/>
    <property name="java.specification.maintenance.version" value="1"/>
    <property name="sun.io.unicode.encoding" value="UnicodeLittle"/>
    <property name="java.class.version" value="61.0"/>
  </properties>
  <testcase name="shouldHandleRealJvmExceptionsNotMockOnes" classname="org.acmsl.bytehot.domain.HotSwapManagerActualRedefinitionTest" time="0.015">
    <error message="/home/chous/github/rydnr/bytehot/bytehot/src/main/java/org/acmsl/bytehot/domain/HotSwapManager.java" type="java.nio.file.NoSuchFileException"><![CDATA[java.nio.file.NoSuchFileException: /home/chous/github/rydnr/bytehot/bytehot/src/main/java/org/acmsl/bytehot/domain/HotSwapManager.java
	at java.base/sun.nio.fs.UnixException.translateToIOException(UnixException.java:92)
	at java.base/sun.nio.fs.UnixException.rethrowAsIOException(UnixException.java:106)
	at java.base/sun.nio.fs.UnixException.rethrowAsIOException(UnixException.java:111)
	at java.base/sun.nio.fs.UnixFileSystemProvider.newByteChannel(UnixFileSystemProvider.java:218)
	at java.base/java.nio.file.Files.newByteChannel(Files.java:380)
	at java.base/java.nio.file.Files.newByteChannel(Files.java:432)
	at java.base/java.nio.file.Files.readAllBytes(Files.java:3288)
	at java.base/java.nio.file.Files.readString(Files.java:3366)
	at java.base/java.nio.file.Files.readString(Files.java:3325)
	at org.acmsl.bytehot.domain.HotSwapManagerActualRedefinitionTest.shouldHandleRealJvmExceptionsNotMockOnes(HotSwapManagerActualRedefinitionTest.java:155)
	at java.base/java.lang.reflect.Method.invoke(Method.java:569)
	at java.base/java.util.ArrayList.forEach(ArrayList.java:1511)
	at java.base/java.util.ArrayList.forEach(ArrayList.java:1511)
]]></error>
  </testcase>
  <testcase name="shouldUseRealInstrumentationPortInsteadOfMockLogic" classname="org.acmsl.bytehot.domain.HotSwapManagerActualRedefinitionTest" time="0.008">
    <failure message="&#10;Expecting path:&#10;  /home/chous/github/rydnr/bytehot/bytehot/src/main/java/org/acmsl/bytehot/domain/HotSwapManager.java&#10;to exist (symbolic links were followed)." type="java.lang.AssertionError"><![CDATA[java.lang.AssertionError: 

Expecting path:
  /home/chous/github/rydnr/bytehot/bytehot/src/main/java/org/acmsl/bytehot/domain/HotSwapManager.java
to exist (symbolic links were followed).
	at org.acmsl.bytehot.domain.HotSwapManagerActualRedefinitionTest.shouldUseRealInstrumentationPortInsteadOfMockLogic(HotSwapManagerActualRedefinitionTest.java:70)
	at java.base/java.lang.reflect.Method.invoke(Method.java:569)
	at java.base/java.util.ArrayList.forEach(ArrayList.java:1511)
	at java.base/java.util.ArrayList.forEach(ArrayList.java:1511)
]]></failure>
  </testcase>
  <testcase name="shouldValidateClassLookupBeforeRedefinition" classname="org.acmsl.bytehot.domain.HotSwapManagerActualRedefinitionTest" time="0.002">
    <error message="/home/chous/github/rydnr/bytehot/bytehot/src/main/java/org/acmsl/bytehot/domain/HotSwapManager.java" type="java.nio.file.NoSuchFileException"><![CDATA[java.nio.file.NoSuchFileException: /home/chous/github/rydnr/bytehot/bytehot/src/main/java/org/acmsl/bytehot/domain/HotSwapManager.java
	at java.base/sun.nio.fs.UnixException.translateToIOException(UnixException.java:92)
	at java.base/sun.nio.fs.UnixException.rethrowAsIOException(UnixException.java:106)
	at java.base/sun.nio.fs.UnixException.rethrowAsIOException(UnixException.java:111)
	at java.base/sun.nio.fs.UnixFileSystemProvider.newByteChannel(UnixFileSystemProvider.java:218)
	at java.base/java.nio.file.Files.newByteChannel(Files.java:380)
	at java.base/java.nio.file.Files.newByteChannel(Files.java:432)
	at java.base/java.nio.file.Files.readAllBytes(Files.java:3288)
	at java.base/java.nio.file.Files.readString(Files.java:3366)
	at java.base/java.nio.file.Files.readString(Files.java:3325)
	at org.acmsl.bytehot.domain.HotSwapManagerActualRedefinitionTest.shouldValidateClassLookupBeforeRedefinition(HotSwapManagerActualRedefinitionTest.java:126)
	at java.base/java.lang.reflect.Method.invoke(Method.java:569)
	at java.base/java.util.ArrayList.forEach(ArrayList.java:1511)
	at java.base/java.util.ArrayList.forEach(ArrayList.java:1511)
]]></error>
  </testcase>
  <testcase name="shouldNotReturnSuccessWithoutCallInginstrumentationPort" classname="org.acmsl.bytehot.domain.HotSwapManagerActualRedefinitionTest" time="0.002">
    <error message="/home/chous/github/rydnr/bytehot/bytehot/src/main/java/org/acmsl/bytehot/domain/HotSwapManager.java" type="java.nio.file.NoSuchFileException"><![CDATA[java.nio.file.NoSuchFileException: /home/chous/github/rydnr/bytehot/bytehot/src/main/java/org/acmsl/bytehot/domain/HotSwapManager.java
	at java.base/sun.nio.fs.UnixException.translateToIOException(UnixException.java:92)
	at java.base/sun.nio.fs.UnixException.rethrowAsIOException(UnixException.java:106)
	at java.base/sun.nio.fs.UnixException.rethrowAsIOException(UnixException.java:111)
	at java.base/sun.nio.fs.UnixFileSystemProvider.newByteChannel(UnixFileSystemProvider.java:218)
	at java.base/java.nio.file.Files.newByteChannel(Files.java:380)
	at java.base/java.nio.file.Files.newByteChannel(Files.java:432)
	at java.base/java.nio.file.Files.readAllBytes(Files.java:3288)
	at java.base/java.nio.file.Files.readString(Files.java:3366)
	at java.base/java.nio.file.Files.readString(Files.java:3325)
	at org.acmsl.bytehot.domain.HotSwapManagerActualRedefinitionTest.shouldNotReturnSuccessWithoutCallInginstrumentationPort(HotSwapManagerActualRedefinitionTest.java:104)
	at java.base/java.lang.reflect.Method.invoke(Method.java:569)
	at java.base/java.util.ArrayList.forEach(ArrayList.java:1511)
	at java.base/java.util.ArrayList.forEach(ArrayList.java:1511)
]]></error>
  </testcase>
</testsuite>