<?xml version="1.0" encoding="UTF-8"?>
<testsuite xmlns:xsi="http://www.w3.org/2001/XMLSchema-instance" xsi:noNamespaceSchemaLocation="https://maven.apache.org/surefire/maven-surefire-plugin/xsd/surefire-test-report-3.0.xsd" version="3.0" name="org.acmsl.bytehot.domain.events.HotSwapCapabilityNixTest" time="8.955" tests="1" errors="0" skipped="0" failures="1">
  <properties>
    <property name="log4j.configuration" value="file:///home/chous/github/queryj/queryj-core/src/test/resources/log4j.xml"/>
    <property name="java.specification.version" value="17"/>
    <property name="sun.jnu.encoding" value="UTF-8"/>
    <property name="java.class.path" value="/home/chous/github/rydnr/bytehot/bytehot/target/test-classes:/home/chous/github/rydnr/bytehot/bytehot/target/classes:/home/chous/.m2/repository/net/bytebuddy/byte-buddy/1.17.5/byte-buddy-1.17.5.jar:/home/chous/.m2/repository/net/bytebuddy/byte-buddy-agent/1.17.5/byte-buddy-agent-1.17.5.jar:/home/chous/.m2/repository/org/acmsl/java-commons/latest-SNAPSHOT/java-commons-latest-SNAPSHOT.jar:/home/chous/.m2/repository/commons-logging/commons-logging/1.3.5/commons-logging-1.3.5.jar:/home/chous/.m2/repository/commons-beanutils/commons-beanutils/1.11.0/commons-beanutils-1.11.0.jar:/home/chous/.m2/repository/commons-collections/commons-collections/20040616/commons-collections-20040616.jar:/home/chous/.m2/repository/oro/oro/2.0.8/oro-2.0.8.jar:/home/chous/.m2/repository/org/antlr/ST4/4.3.4/ST4-4.3.4.jar:/home/chous/.m2/repository/org/antlr/antlr-runtime/3.5.3/antlr-runtime-3.5.3.jar:/home/chous/.m2/repository/org/projectlombok/lombok/1.18.38/lombok-1.18.38.jar:/home/chous/.m2/repository/org/yaml/snakeyaml/2.4/snakeyaml-2.4.jar:/home/chous/.m2/repository/org/junit/jupiter/junit-jupiter/5.13.0/junit-jupiter-5.13.0.jar:/home/chous/.m2/repository/org/junit/jupiter/junit-jupiter-api/5.13.0/junit-jupiter-api-5.13.0.jar:/home/chous/.m2/repository/org/opentest4j/opentest4j/1.3.0/opentest4j-1.3.0.jar:/home/chous/.m2/repository/org/junit/platform/junit-platform-commons/1.13.0/junit-platform-commons-1.13.0.jar:/home/chous/.m2/repository/org/junit/jupiter/junit-jupiter-params/5.13.0/junit-jupiter-params-5.13.0.jar:/home/chous/.m2/repository/org/junit/jupiter/junit-jupiter-engine/5.13.0/junit-jupiter-engine-5.13.0.jar:/home/chous/.m2/repository/org/junit/platform/junit-platform-engine/1.13.0/junit-platform-engine-1.13.0.jar:/home/chous/.m2/repository/org/apiguardian/apiguardian-api/1.1.2/apiguardian-api-1.1.2.jar:/home/chous/.m2/repository/junit/junit/4.13.2/junit-4.13.2.jar:/home/chous/.m2/repository/org/hamcrest/hamcrest-core/1.3/hamcrest-core-1.3.jar:/home/chous/.m2/repository/org/junit/platform/junit-platform-launcher/1.13.0/junit-platform-launcher-1.13.0.jar:"/>
    <property name="java.vm.vendor" value="Oracle Corporation"/>
    <property name="sun.arch.data.model" value="64"/>
    <property name="queryjroot" value="/home/chous/github/queryj"/>
    <property name="java.vendor.url" value="https://openjdk.java.net/"/>
    <property name="os.name" value="Linux"/>
    <property name="java.vm.specification.version" value="17"/>
    <property name="user.country" value="en"/>
    <property name="sun.java.launcher" value="SUN_STANDARD"/>
    <property name="sun.boot.library.path" value="/nix/store/ll8xbl82c5wbs5k2hx92xx5fk2ppc5r6-openjdk-17.0.13+11/lib/openjdk/lib"/>
    <property name="sun.java.command" value="/home/chous/github/rydnr/bytehot/bytehot/target/surefire/surefirebooter-20250616084552220_3.jar /home/chous/github/rydnr/bytehot/bytehot/target/surefire 2025-06-16T08-45-52_030-jvmRun1 surefire-20250616084552220_1tmp surefire_0-20250616084552220_2tmp"/>
    <property name="jdk.debug" value="release"/>
    <property name="test" value="HotSwapCapabilityNixTest#legacy_jvm_may_have_limited_hotswap_capabilities"/>
    <property name="surefire.test.class.path" value="/home/chous/github/rydnr/bytehot/bytehot/target/test-classes:/home/chous/github/rydnr/bytehot/bytehot/target/classes:/home/chous/.m2/repository/net/bytebuddy/byte-buddy/1.17.5/byte-buddy-1.17.5.jar:/home/chous/.m2/repository/net/bytebuddy/byte-buddy-agent/1.17.5/byte-buddy-agent-1.17.5.jar:/home/chous/.m2/repository/org/acmsl/java-commons/latest-SNAPSHOT/java-commons-latest-SNAPSHOT.jar:/home/chous/.m2/repository/commons-logging/commons-logging/1.3.5/commons-logging-1.3.5.jar:/home/chous/.m2/repository/commons-beanutils/commons-beanutils/1.11.0/commons-beanutils-1.11.0.jar:/home/chous/.m2/repository/commons-collections/commons-collections/20040616/commons-collections-20040616.jar:/home/chous/.m2/repository/oro/oro/2.0.8/oro-2.0.8.jar:/home/chous/.m2/repository/org/antlr/ST4/4.3.4/ST4-4.3.4.jar:/home/chous/.m2/repository/org/antlr/antlr-runtime/3.5.3/antlr-runtime-3.5.3.jar:/home/chous/.m2/repository/org/projectlombok/lombok/1.18.38/lombok-1.18.38.jar:/home/chous/.m2/repository/org/yaml/snakeyaml/2.4/snakeyaml-2.4.jar:/home/chous/.m2/repository/org/junit/jupiter/junit-jupiter/5.13.0/junit-jupiter-5.13.0.jar:/home/chous/.m2/repository/org/junit/jupiter/junit-jupiter-api/5.13.0/junit-jupiter-api-5.13.0.jar:/home/chous/.m2/repository/org/opentest4j/opentest4j/1.3.0/opentest4j-1.3.0.jar:/home/chous/.m2/repository/org/junit/platform/junit-platform-commons/1.13.0/junit-platform-commons-1.13.0.jar:/home/chous/.m2/repository/org/junit/jupiter/junit-jupiter-params/5.13.0/junit-jupiter-params-5.13.0.jar:/home/chous/.m2/repository/org/junit/jupiter/junit-jupiter-engine/5.13.0/junit-jupiter-engine-5.13.0.jar:/home/chous/.m2/repository/org/junit/platform/junit-platform-engine/1.13.0/junit-platform-engine-1.13.0.jar:/home/chous/.m2/repository/org/apiguardian/apiguardian-api/1.1.2/apiguardian-api-1.1.2.jar:/home/chous/.m2/repository/junit/junit/4.13.2/junit-4.13.2.jar:/home/chous/.m2/repository/org/hamcrest/hamcrest-core/1.3/hamcrest-core-1.3.jar:/home/chous/.m2/repository/org/junit/platform/junit-platform-launcher/1.13.0/junit-platform-launcher-1.13.0.jar:"/>
    <property name="sun.cpu.endian" value="little"/>
    <property name="user.home" value="/home/chous"/>
    <property name="user.language" value="en"/>
    <property name="java.specification.vendor" value="Oracle Corporation"/>
    <property name="java.version.date" value="2024-10-15"/>
    <property name="java.home" value="/nix/store/ll8xbl82c5wbs5k2hx92xx5fk2ppc5r6-openjdk-17.0.13+11/lib/openjdk"/>
    <property name="file.separator" value="/"/>
    <property name="basedir" value="/home/chous/github/rydnr/bytehot/bytehot"/>
    <property name="java.vm.compressedOopsMode" value="Zero based"/>
    <property name="line.separator" value="&#10;"/>
    <property name="java.specification.name" value="Java Platform API Specification"/>
    <property name="java.vm.specification.vendor" value="Oracle Corporation"/>
    <property name="surefire.real.class.path" value="/home/chous/github/rydnr/bytehot/bytehot/target/surefire/surefirebooter-20250616084552220_3.jar"/>
    <property name="sun.management.compiler" value="HotSpot 64-Bit Tiered Compilers"/>
    <property name="java.runtime.version" value="17.0.13+1-nixos"/>
    <property name="user.name" value="chous"/>
    <property name="path.separator" value=":"/>
    <property name="os.version" value="6.12.17"/>
    <property name="java.runtime.name" value="OpenJDK Runtime Environment"/>
    <property name="file.encoding" value="UTF-8"/>
    <property name="java.vm.name" value="OpenJDK 64-Bit Server VM"/>
    <property name="localRepository" value="/home/chous/.m2/repository"/>
    <property name="java.vendor.url.bug" value="https://bugreport.java.com/bugreport/"/>
    <property name="java.io.tmpdir" value="/tmp"/>
    <property name="java.version" value="17.0.13"/>
    <property name="user.dir" value="/home/chous/github/rydnr/bytehot/bytehot"/>
    <property name="os.arch" value="amd64"/>
    <property name="java.vm.specification.name" value="Java Virtual Machine Specification"/>
    <property name="native.encoding" value="UTF-8"/>
    <property name="java.library.path" value=""/>
    <property name="java.vm.info" value="mixed mode, sharing"/>
    <property name="java.vendor" value="N/A"/>
    <property name="java.vm.version" value="17.0.13+1-nixos"/>
    <property name="java.specification.maintenance.version" value="1"/>
    <property name="sun.io.unicode.encoding" value="UnicodeLittle"/>
    <property name="java.class.version" value="61.0"/>
  </properties>
  <testcase name="legacy_jvm_may_have_limited_hotswap_capabilities(Path)" classname="org.acmsl.bytehot.domain.events.HotSwapCapabilityNixTest" time="8.938">
    <failure message="ByteHotAgentAttached should always be present. Output: warning: Git tree &apos;/home/chous/github/rydnr/bytehot&apos; is dirty&#10;&#10;&#10;&amp;#27;[32mrydnr-bytehot-latest-SNAPSHOT&amp;#27;[0m on &amp;#27;[34mopenjdk-8u442-b06, &amp;#27;[35mmaven-3.9.9&amp;#27;[0&#10;&#10;&amp;#27;[0mNative deps:&amp;#27;[0m&#10;&amp;#27;[0m - &amp;#27;[31m/nix/store/v578vkzh0qhzczjvrzf64lqb2c74d5pk-curl-8.13.0&amp;#27;[0m&#10;&#10;Exception in thread &quot;main&quot; java.lang.UnsupportedClassVersionError: org/acmsl/bytehot/infrastructure/cli/ByteHotCLI has been compiled by a more recent version of the Java Runtime (class file version 61.0), this version of the Java Runtime only recognizes class file versions up to 52.0&#10;	at java.lang.ClassLoader.defineClass1(Native Method)&#10;	at java.lang.ClassLoader.defineClass(ClassLoader.java:756)&#10;	at java.security.SecureClassLoader.defineClass(SecureClassLoader.java:142)&#10;	at java.net.URLClassLoader.defineClass(URLClassLoader.java:473)&#10;	at java.net.URLClassLoader.access$100(URLClassLoader.java:74)&#10;	at java.net.URLClassLoader$1.run(URLClassLoader.java:369)&#10;	at java.net.URLClassLoader$1.run(URLClassLoader.java:363)&#10;	at java.security.AccessController.doPrivileged(Native Method)&#10;	at java.net.URLClassLoader.findClass(URLClassLoader.java:362)&#10;	at java.lang.ClassLoader.loadClass(ClassLoader.java:418)&#10;	at sun.misc.Launcher$AppClassLoader.loadClass(Launcher.java:352)&#10;	at java.lang.ClassLoader.loadClass(ClassLoader.java:351)&#10;	at sun.instrument.InstrumentationImpl.loadClassAndStartAgent(InstrumentationImpl.java:304)&#10;	at sun.instrument.InstrumentationImpl.loadClassAndCallPremain(InstrumentationImpl.java:401)&#10;FATAL ERROR in native method: processing of -javaagent failed&#10; ==&gt; expected: &lt;true&gt; but was: &lt;false&gt;" type="org.opentest4j.AssertionFailedError"><![CDATA[org.opentest4j.AssertionFailedError: 
ByteHotAgentAttached should always be present. Output: warning: Git tree '/home/chous/github/rydnr/bytehot' is dirty


&amp#27;[32mrydnr-bytehot-latest-SNAPSHOT&amp#27;[0m on &amp#27;[34mopenjdk-8u442-b06, &amp#27;[35mmaven-3.9.9&amp#27;[0

&amp#27;[0mNative deps:&amp#27;[0m
&amp#27;[0m - &amp#27;[31m/nix/store/v578vkzh0qhzczjvrzf64lqb2c74d5pk-curl-8.13.0&amp#27;[0m

Exception in thread "main" java.lang.UnsupportedClassVersionError: org/acmsl/bytehot/infrastructure/cli/ByteHotCLI has been compiled by a more recent version of the Java Runtime (class file version 61.0), this version of the Java Runtime only recognizes class file versions up to 52.0
	at java.lang.ClassLoader.defineClass1(Native Method)
	at java.lang.ClassLoader.defineClass(ClassLoader.java:756)
	at java.security.SecureClassLoader.defineClass(SecureClassLoader.java:142)
	at java.net.URLClassLoader.defineClass(URLClassLoader.java:473)
	at java.net.URLClassLoader.access$100(URLClassLoader.java:74)
	at java.net.URLClassLoader$1.run(URLClassLoader.java:369)
	at java.net.URLClassLoader$1.run(URLClassLoader.java:363)
	at java.security.AccessController.doPrivileged(Native Method)
	at java.net.URLClassLoader.findClass(URLClassLoader.java:362)
	at java.lang.ClassLoader.loadClass(ClassLoader.java:418)
	at sun.misc.Launcher$AppClassLoader.loadClass(Launcher.java:352)
	at java.lang.ClassLoader.loadClass(ClassLoader.java:351)
	at sun.instrument.InstrumentationImpl.loadClassAndStartAgent(InstrumentationImpl.java:304)
	at sun.instrument.InstrumentationImpl.loadClassAndCallPremain(InstrumentationImpl.java:401)
FATAL ERROR in native method: processing of -javaagent failed
 ==> expected: <true> but was: <false>
	at org.junit.jupiter.api.AssertionFailureBuilder.build(AssertionFailureBuilder.java:151)
	at org.junit.jupiter.api.AssertionFailureBuilder.buildAndThrow(AssertionFailureBuilder.java:132)
	at org.junit.jupiter.api.AssertTrue.failNotTrue(AssertTrue.java:63)
	at org.junit.jupiter.api.AssertTrue.assertTrue(AssertTrue.java:36)
	at org.junit.jupiter.api.Assertions.assertTrue(Assertions.java:214)
	at org.acmsl.bytehot.domain.events.HotSwapCapabilityNixTest.testJvmHotSwapCapability(HotSwapCapabilityNixTest.java:152)
	at org.acmsl.bytehot.domain.events.HotSwapCapabilityNixTest.legacy_jvm_may_have_limited_hotswap_capabilities(HotSwapCapabilityNixTest.java:88)
	at java.base/java.lang.reflect.Method.invoke(Method.java:569)
	at java.base/java.util.ArrayList.forEach(ArrayList.java:1511)
	at java.base/java.util.ArrayList.forEach(ArrayList.java:1511)
]]></failure>
  </testcase>
</testsuite>