<?xml version="1.0" encoding="UTF-8"?>
<testsuite xmlns:xsi="http://www.w3.org/2001/XMLSchema-instance" xsi:noNamespaceSchemaLocation="https://maven.apache.org/surefire/maven-surefire-plugin/xsd/surefire-test-report-3.0.xsd" version="3.0" name="org.acmsl.bytehot.domain.events.HotSwapCapabilityNixTest" time="17.503" tests="2" errors="1" skipped="0" failures="0">
  <properties>
    <property name="log4j.configuration" value="file:///home/chous/github/queryj/queryj-core/src/test/resources/log4j.xml"/>
    <property name="java.specification.version" value="17"/>
    <property name="sun.jnu.encoding" value="UTF-8"/>
    <property name="java.class.path" value="/home/chous/github/rydnr/bytehot/bytehot/target/test-classes:/home/chous/github/rydnr/bytehot/bytehot/target/classes:/home/chous/.m2/repository/net/bytebuddy/byte-buddy/1.17.5/byte-buddy-1.17.5.jar:/home/chous/.m2/repository/net/bytebuddy/byte-buddy-agent/1.17.5/byte-buddy-agent-1.17.5.jar:/home/chous/.m2/repository/org/acmsl/java-commons/latest-SNAPSHOT/java-commons-latest-SNAPSHOT.jar:/home/chous/.m2/repository/commons-logging/commons-logging/1.3.5/commons-logging-1.3.5.jar:/home/chous/.m2/repository/commons-beanutils/commons-beanutils/1.11.0/commons-beanutils-1.11.0.jar:/home/chous/.m2/repository/commons-collections/commons-collections/20040616/commons-collections-20040616.jar:/home/chous/.m2/repository/oro/oro/2.0.8/oro-2.0.8.jar:/home/chous/.m2/repository/org/antlr/ST4/4.3.4/ST4-4.3.4.jar:/home/chous/.m2/repository/org/antlr/antlr-runtime/3.5.3/antlr-runtime-3.5.3.jar:/home/chous/.m2/repository/org/projectlombok/lombok/1.18.38/lombok-1.18.38.jar:/home/chous/.m2/repository/org/yaml/snakeyaml/2.4/snakeyaml-2.4.jar:/home/chous/.m2/repository/org/junit/jupiter/junit-jupiter/5.13.0/junit-jupiter-5.13.0.jar:/home/chous/.m2/repository/org/junit/jupiter/junit-jupiter-api/5.13.0/junit-jupiter-api-5.13.0.jar:/home/chous/.m2/repository/org/opentest4j/opentest4j/1.3.0/opentest4j-1.3.0.jar:/home/chous/.m2/repository/org/junit/platform/junit-platform-commons/1.13.0/junit-platform-commons-1.13.0.jar:/home/chous/.m2/repository/org/junit/jupiter/junit-jupiter-params/5.13.0/junit-jupiter-params-5.13.0.jar:/home/chous/.m2/repository/org/junit/jupiter/junit-jupiter-engine/5.13.0/junit-jupiter-engine-5.13.0.jar:/home/chous/.m2/repository/org/junit/platform/junit-platform-engine/1.13.0/junit-platform-engine-1.13.0.jar:/home/chous/.m2/repository/org/apiguardian/apiguardian-api/1.1.2/apiguardian-api-1.1.2.jar:/home/chous/.m2/repository/junit/junit/4.13.2/junit-4.13.2.jar:/home/chous/.m2/repository/org/hamcrest/hamcrest-core/1.3/hamcrest-core-1.3.jar:/home/chous/.m2/repository/org/junit/platform/junit-platform-launcher/1.13.0/junit-platform-launcher-1.13.0.jar:"/>
    <property name="java.vm.vendor" value="Oracle Corporation"/>
    <property name="sun.arch.data.model" value="64"/>
    <property name="queryjroot" value="/home/chous/github/queryj"/>
    <property name="java.vendor.url" value="https://openjdk.java.net/"/>
    <property name="os.name" value="Linux"/>
    <property name="java.vm.specification.version" value="17"/>
    <property name="user.country" value="en"/>
    <property name="sun.java.launcher" value="SUN_STANDARD"/>
    <property name="sun.boot.library.path" value="/nix/store/ll8xbl82c5wbs5k2hx92xx5fk2ppc5r6-openjdk-17.0.13+11/lib/openjdk/lib"/>
    <property name="sun.java.command" value="/home/chous/github/rydnr/bytehot/bytehot/target/surefire/surefirebooter-20250616105007643_3.jar /home/chous/github/rydnr/bytehot/bytehot/target/surefire 2025-06-16T10-50-07_435-jvmRun1 surefire-20250616105007643_1tmp surefire_0-20250616105007643_2tmp"/>
    <property name="jdk.debug" value="release"/>
    <property name="test" value="HotSwapCapabilityNixTest"/>
    <property name="surefire.test.class.path" value="/home/chous/github/rydnr/bytehot/bytehot/target/test-classes:/home/chous/github/rydnr/bytehot/bytehot/target/classes:/home/chous/.m2/repository/net/bytebuddy/byte-buddy/1.17.5/byte-buddy-1.17.5.jar:/home/chous/.m2/repository/net/bytebuddy/byte-buddy-agent/1.17.5/byte-buddy-agent-1.17.5.jar:/home/chous/.m2/repository/org/acmsl/java-commons/latest-SNAPSHOT/java-commons-latest-SNAPSHOT.jar:/home/chous/.m2/repository/commons-logging/commons-logging/1.3.5/commons-logging-1.3.5.jar:/home/chous/.m2/repository/commons-beanutils/commons-beanutils/1.11.0/commons-beanutils-1.11.0.jar:/home/chous/.m2/repository/commons-collections/commons-collections/20040616/commons-collections-20040616.jar:/home/chous/.m2/repository/oro/oro/2.0.8/oro-2.0.8.jar:/home/chous/.m2/repository/org/antlr/ST4/4.3.4/ST4-4.3.4.jar:/home/chous/.m2/repository/org/antlr/antlr-runtime/3.5.3/antlr-runtime-3.5.3.jar:/home/chous/.m2/repository/org/projectlombok/lombok/1.18.38/lombok-1.18.38.jar:/home/chous/.m2/repository/org/yaml/snakeyaml/2.4/snakeyaml-2.4.jar:/home/chous/.m2/repository/org/junit/jupiter/junit-jupiter/5.13.0/junit-jupiter-5.13.0.jar:/home/chous/.m2/repository/org/junit/jupiter/junit-jupiter-api/5.13.0/junit-jupiter-api-5.13.0.jar:/home/chous/.m2/repository/org/opentest4j/opentest4j/1.3.0/opentest4j-1.3.0.jar:/home/chous/.m2/repository/org/junit/platform/junit-platform-commons/1.13.0/junit-platform-commons-1.13.0.jar:/home/chous/.m2/repository/org/junit/jupiter/junit-jupiter-params/5.13.0/junit-jupiter-params-5.13.0.jar:/home/chous/.m2/repository/org/junit/jupiter/junit-jupiter-engine/5.13.0/junit-jupiter-engine-5.13.0.jar:/home/chous/.m2/repository/org/junit/platform/junit-platform-engine/1.13.0/junit-platform-engine-1.13.0.jar:/home/chous/.m2/repository/org/apiguardian/apiguardian-api/1.1.2/apiguardian-api-1.1.2.jar:/home/chous/.m2/repository/junit/junit/4.13.2/junit-4.13.2.jar:/home/chous/.m2/repository/org/hamcrest/hamcrest-core/1.3/hamcrest-core-1.3.jar:/home/chous/.m2/repository/org/junit/platform/junit-platform-launcher/1.13.0/junit-platform-launcher-1.13.0.jar:"/>
    <property name="sun.cpu.endian" value="little"/>
    <property name="user.home" value="/home/chous"/>
    <property name="user.language" value="en"/>
    <property name="java.specification.vendor" value="Oracle Corporation"/>
    <property name="java.version.date" value="2024-10-15"/>
    <property name="java.home" value="/nix/store/ll8xbl82c5wbs5k2hx92xx5fk2ppc5r6-openjdk-17.0.13+11/lib/openjdk"/>
    <property name="file.separator" value="/"/>
    <property name="basedir" value="/home/chous/github/rydnr/bytehot/bytehot"/>
    <property name="java.vm.compressedOopsMode" value="Zero based"/>
    <property name="line.separator" value="&#10;"/>
    <property name="java.specification.name" value="Java Platform API Specification"/>
    <property name="java.vm.specification.vendor" value="Oracle Corporation"/>
    <property name="surefire.real.class.path" value="/home/chous/github/rydnr/bytehot/bytehot/target/surefire/surefirebooter-20250616105007643_3.jar"/>
    <property name="sun.management.compiler" value="HotSpot 64-Bit Tiered Compilers"/>
    <property name="java.runtime.version" value="17.0.13+1-nixos"/>
    <property name="user.name" value="chous"/>
    <property name="path.separator" value=":"/>
    <property name="os.version" value="6.12.17"/>
    <property name="java.runtime.name" value="OpenJDK Runtime Environment"/>
    <property name="file.encoding" value="UTF-8"/>
    <property name="java.vm.name" value="OpenJDK 64-Bit Server VM"/>
    <property name="localRepository" value="/home/chous/.m2/repository"/>
    <property name="java.vendor.url.bug" value="https://bugreport.java.com/bugreport/"/>
    <property name="java.io.tmpdir" value="/tmp"/>
    <property name="java.version" value="17.0.13"/>
    <property name="user.dir" value="/home/chous/github/rydnr/bytehot/bytehot"/>
    <property name="os.arch" value="amd64"/>
    <property name="java.vm.specification.name" value="Java Virtual Machine Specification"/>
    <property name="native.encoding" value="UTF-8"/>
    <property name="java.library.path" value=""/>
    <property name="java.vm.info" value="mixed mode, sharing"/>
    <property name="java.vendor" value="N/A"/>
    <property name="java.vm.version" value="17.0.13+1-nixos"/>
    <property name="java.specification.maintenance.version" value="1"/>
    <property name="sun.io.unicode.encoding" value="UnicodeLittle"/>
    <property name="java.class.version" value="61.0"/>
  </properties>
  <testcase name="modern_jvm_supports_hotswap_capabilities(Path)" classname="org.acmsl.bytehot.domain.events.HotSwapCapabilityNixTest" time="13.865"/>
  <testcase name="legacy_jvm_may_have_limited_hotswap_capabilities(Path)" classname="org.acmsl.bytehot.domain.events.HotSwapCapabilityNixTest" time="3.622">
    <error message="Failed to build agent with JVM 8: warning: Git tree &apos;/home/chous/github/rydnr/bytehot&apos; is dirty&#10;&#10;&#10;&amp;#27;[32mrydnr-bytehot-latest-SNAPSHOT&amp;#27;[0m on &amp;#27;[34mopenjdk-8u442-b06, &amp;#27;[35mmaven-3.9.9&amp;#27;[0&#10;&#10;&amp;#27;[0mNative deps:&amp;#27;[0m&#10;&amp;#27;[0m - &amp;#27;[31m/nix/store/v578vkzh0qhzczjvrzf64lqb2c74d5pk-curl-8.13.0&amp;#27;[0m&#10;&#10;[INFO] Scanning for projects...&#10;[INFO] &#10;[INFO] -------------------------&lt; org.acmsl:bytehot &gt;--------------------------&#10;[INFO] Building ByteHot latest-SNAPSHOT&#10;[INFO]   from pom.xml&#10;[INFO] --------------------------------[ jar ]---------------------------------&#10;[WARNING] Could not transfer metadata org.acmsl:java-commons:latest-SNAPSHOT/maven-metadata.xml from/to maven-default-http-blocker (http://0.0.0.0/): Blocked mirror for repositories: [acmsl-libs-releases (http://maven.acm-sl.org/repository/maven-libs-releases-local, default, releases), acmsl-ext-releases (http://maven.acm-sl.org/repository/maven-ext-releases-local, default, releases), acmsl-libs-snapshots (http://maven.acm-sl.org/repository/maven-libs-snapshots-local, default, snapshots), acmsl-ext-snapshots (http://maven.acm-sl.org/repository/maven-ext-snapshots-local, default, snapshots)]&#10;[WARNING] org.acmsl:java-commons:latest-SNAPSHOT/maven-metadata.xml failed to transfer from http://0.0.0.0/ during a previous attempt. This failure was cached in the local repository and resolution will not be reattempted until the update interval of maven-default-http-blocker has elapsed or updates are forced. Original error: Could not transfer metadata org.acmsl:java-commons:latest-SNAPSHOT/maven-metadata.xml from/to maven-default-http-blocker (http://0.0.0.0/): Blocked mirror for repositories: [acmsl-libs-releases (http://maven.acm-sl.org/repository/maven-libs-releases-local, default, releases), acmsl-ext-releases (http://maven.acm-sl.org/repository/maven-ext-releases-local, default, releases), acmsl-libs-snapshots (http://maven.acm-sl.org/repository/maven-libs-snapshots-local, default, snapshots), acmsl-ext-snapshots (http://maven.acm-sl.org/repository/maven-ext-snapshots-local, default, snapshots)]&#10;[WARNING] Could not transfer metadata org.acmsl:acmsl-pom:latest-SNAPSHOT/maven-metadata.xml from/to maven-default-http-blocker (http://0.0.0.0/): Blocked mirror for repositories: [acmsl-libs-releases (http://maven.acm-sl.org/repository/maven-libs-releases-local, default, releases), acmsl-ext-releases (http://maven.acm-sl.org/repository/maven-ext-releases-local, default, releases), acmsl-libs-snapshots (http://maven.acm-sl.org/repository/maven-libs-snapshots-local, default, snapshots), acmsl-ext-snapshots (http://maven.acm-sl.org/repository/maven-ext-snapshots-local, default, snapshots)]&#10;[INFO] &#10;[INFO] --- clean:3.4.0:clean (default-clean) @ bytehot ---&#10;[INFO] Deleting /home/chous/github/rydnr/bytehot/bytehot/target&#10;[INFO] &#10;[INFO] --- resources:3.3.0:resources (default-resources) @ bytehot ---&#10;[INFO] skip non existing resourceDirectory /home/chous/github/rydnr/bytehot/bytehot/src/main/resources&#10;[INFO] &#10;[INFO] --- compiler:3.10.1:compile (default-compile) @ bytehot ---&#10;[INFO] Changes detected - recompiling the module!&#10;[INFO] Compiling 13 source files to /home/chous/github/rydnr/bytehot/bytehot/target/classes&#10;[INFO] ------------------------------------------------------------------------&#10;[INFO] BUILD FAILURE&#10;[INFO] ------------------------------------------------------------------------&#10;[INFO] Total time:  0.574 s&#10;[INFO] Finished at: 2025-06-16T10:50:25+02:00&#10;[INFO] ------------------------------------------------------------------------&#10;[ERROR] Failed to execute goal org.apache.maven.plugins:maven-compiler-plugin:3.10.1:compile (default-compile) on project bytehot: Fatal error compiling: invalid target release: 17 -&gt; [Help 1]&#10;[ERROR] &#10;[ERROR] To see the full stack trace of the errors, re-run Maven with the -e switch.&#10;[ERROR] Re-run Maven using the -X switch to enable full debug logging.&#10;[ERROR] &#10;[ERROR] For more information about the errors and possible solutions, please read the following articles:&#10;[ERROR] [Help 1] http://cwiki.apache.org/confluence/display/MAVEN/MojoExecutionException&#10;" type="java.lang.RuntimeException"><![CDATA[java.lang.RuntimeException: 
Failed to build agent with JVM 8: warning: Git tree '/home/chous/github/rydnr/bytehot' is dirty


&amp#27;[32mrydnr-bytehot-latest-SNAPSHOT&amp#27;[0m on &amp#27;[34mopenjdk-8u442-b06, &amp#27;[35mmaven-3.9.9&amp#27;[0

&amp#27;[0mNative deps:&amp#27;[0m
&amp#27;[0m - &amp#27;[31m/nix/store/v578vkzh0qhzczjvrzf64lqb2c74d5pk-curl-8.13.0&amp#27;[0m

[INFO] Scanning for projects...
[INFO] 
[INFO] -------------------------< org.acmsl:bytehot >--------------------------
[INFO] Building ByteHot latest-SNAPSHOT
[INFO]   from pom.xml
[INFO] --------------------------------[ jar ]---------------------------------
[WARNING] Could not transfer metadata org.acmsl:java-commons:latest-SNAPSHOT/maven-metadata.xml from/to maven-default-http-blocker (http://0.0.0.0/): Blocked mirror for repositories: [acmsl-libs-releases (http://maven.acm-sl.org/repository/maven-libs-releases-local, default, releases), acmsl-ext-releases (http://maven.acm-sl.org/repository/maven-ext-releases-local, default, releases), acmsl-libs-snapshots (http://maven.acm-sl.org/repository/maven-libs-snapshots-local, default, snapshots), acmsl-ext-snapshots (http://maven.acm-sl.org/repository/maven-ext-snapshots-local, default, snapshots)]
[WARNING] org.acmsl:java-commons:latest-SNAPSHOT/maven-metadata.xml failed to transfer from http://0.0.0.0/ during a previous attempt. This failure was cached in the local repository and resolution will not be reattempted until the update interval of maven-default-http-blocker has elapsed or updates are forced. Original error: Could not transfer metadata org.acmsl:java-commons:latest-SNAPSHOT/maven-metadata.xml from/to maven-default-http-blocker (http://0.0.0.0/): Blocked mirror for repositories: [acmsl-libs-releases (http://maven.acm-sl.org/repository/maven-libs-releases-local, default, releases), acmsl-ext-releases (http://maven.acm-sl.org/repository/maven-ext-releases-local, default, releases), acmsl-libs-snapshots (http://maven.acm-sl.org/repository/maven-libs-snapshots-local, default, snapshots), acmsl-ext-snapshots (http://maven.acm-sl.org/repository/maven-ext-snapshots-local, default, snapshots)]
[WARNING] Could not transfer metadata org.acmsl:acmsl-pom:latest-SNAPSHOT/maven-metadata.xml from/to maven-default-http-blocker (http://0.0.0.0/): Blocked mirror for repositories: [acmsl-libs-releases (http://maven.acm-sl.org/repository/maven-libs-releases-local, default, releases), acmsl-ext-releases (http://maven.acm-sl.org/repository/maven-ext-releases-local, default, releases), acmsl-libs-snapshots (http://maven.acm-sl.org/repository/maven-libs-snapshots-local, default, snapshots), acmsl-ext-snapshots (http://maven.acm-sl.org/repository/maven-ext-snapshots-local, default, snapshots)]
[INFO] 
[INFO] --- clean:3.4.0:clean (default-clean) @ bytehot ---
[INFO] Deleting /home/chous/github/rydnr/bytehot/bytehot/target
[INFO] 
[INFO] --- resources:3.3.0:resources (default-resources) @ bytehot ---
[INFO] skip non existing resourceDirectory /home/chous/github/rydnr/bytehot/bytehot/src/main/resources
[INFO] 
[INFO] --- compiler:3.10.1:compile (default-compile) @ bytehot ---
[INFO] Changes detected - recompiling the module!
[INFO] Compiling 13 source files to /home/chous/github/rydnr/bytehot/bytehot/target/classes
[INFO] ------------------------------------------------------------------------
[INFO] BUILD FAILURE
[INFO] ------------------------------------------------------------------------
[INFO] Total time:  0.574 s
[INFO] Finished at: 2025-06-16T10:50:25+02:00
[INFO] ------------------------------------------------------------------------
[ERROR] Failed to execute goal org.apache.maven.plugins:maven-compiler-plugin:3.10.1:compile (default-compile) on project bytehot: Fatal error compiling: invalid target release: 17 -> [Help 1]
[ERROR] 
[ERROR] To see the full stack trace of the errors, re-run Maven with the -e switch.
[ERROR] Re-run Maven using the -X switch to enable full debug logging.
[ERROR] 
[ERROR] For more information about the errors and possible solutions, please read the following articles:
[ERROR] [Help 1] http://cwiki.apache.org/confluence/display/MAVEN/MojoExecutionException

	at org.acmsl.bytehot.domain.events.HotSwapCapabilityNixTest.testJvmHotSwapCapability(HotSwapCapabilityNixTest.java:108)
	at org.acmsl.bytehot.domain.events.HotSwapCapabilityNixTest.legacy_jvm_may_have_limited_hotswap_capabilities(HotSwapCapabilityNixTest.java:88)
	at java.base/java.lang.reflect.Method.invoke(Method.java:569)
	at java.base/java.util.ArrayList.forEach(ArrayList.java:1511)
	at java.base/java.util.ArrayList.forEach(ArrayList.java:1511)
]]></error>
  </testcase>
</testsuite>